<?xml version="1.0" encoding="UTF-8"?>
<!-- Generated by org.testng.reporters.JUnitXMLReporter -->
<testsuite hostname="DESKTOP-UCMITSF" name="Test" tests="4" failures="0" timestamp="30 Mar 2017 18:07:42 GMT" time="40.463" errors="0">
  <testcase name="testVerifyLoginLogout" time="6.135" classname="Script.VerifyLoginLogout"/>
  <testcase name="testVerifyVersion" time="0.553" classname="Script.VerifyVersion"/>
  <testcase name="testVerifyInvalidLogin" time="2.838" classname="Script.VerifyInvalidLogin"/>
  <testcase name="testVerifyLoginPage" time="0.26" classname="Script.verifyLoginPage"/>
</testsuite> <!-- Test -->
