<?xml version="1.0" encoding="UTF-8"?>
<!-- Generated by org.testng.reporters.JUnitXMLReporter -->
<testsuite hostname="DESKTOP-UCMITSF" ignored="0" name="Test" tests="4" failures="0" timestamp="29 Mar 2017 13:30:34 GMT" time="35.132" errors="0">
  <testcase name="testVerifyLoginLogout" time="1.837" classname="Script.VerifyLoginLogout"/>
  <testcase name="testVerifyVersion" time="0.39" classname="Script.VerifyVersion"/>
  <testcase name="testVerifyInvalidLogin" time="1.897" classname="Script.VerifyInvalidLogin"/>
  <testcase name="testVerifyLoginPage" time="0.086" classname="Script.verifyLoginPage"/>
</testsuite> <!-- Test -->
