<?xml version="1.0" encoding="UTF-8"?>
<testng-results skipped="0" failed="0" ignored="0" total="1" passed="1">
  <reporter-output>
    <line>
      <![CDATA[Error Message is Displayed]]>
    </line>
  </reporter-output>
  <suite name="Default suite" duration-ms="11379" started-at="2017-03-29T18:13:50Z" finished-at="2017-03-29T18:14:01Z">
    <groups>
    </groups>
    <test name="Default test" duration-ms="11379" started-at="2017-03-29T18:13:50Z" finished-at="2017-03-29T18:14:01Z">
      <class name="Script.VerifyInvalidLogin">
        <test-method status="PASS" signature="precondition()[pri:0, instance:Script.VerifyInvalidLogin@548a9f61]" name="precondition" is-config="true" duration-ms="6554" started-at="2017-03-29T23:43:50Z" finished-at="2017-03-29T23:43:56Z">
          <reporter-output>
          </reporter-output>
        </test-method> <!-- precondition -->
        <test-method status="PASS" signature="testVerifyInvalidLogin()[pri:0, instance:Script.VerifyInvalidLogin@548a9f61]" name="testVerifyInvalidLogin" duration-ms="2909" started-at="2017-03-29T23:43:56Z" finished-at="2017-03-29T23:43:59Z">
          <reporter-output>
            <line>
              <![CDATA[Error Message is Displayed]]>
            </line>
          </reporter-output>
        </test-method> <!-- testVerifyInvalidLogin -->
        <test-method status="PASS" signature="postcondition()[pri:0, instance:Script.VerifyInvalidLogin@548a9f61]" name="postcondition" is-config="true" duration-ms="1894" started-at="2017-03-29T23:43:59Z" finished-at="2017-03-29T23:44:01Z">
          <reporter-output>
          </reporter-output>
        </test-method> <!-- postcondition -->
      </class> <!-- Script.VerifyInvalidLogin -->
    </test> <!-- Default test -->
  </suite> <!-- Default suite -->
</testng-results>
